OpenROAD 4a99e88667b0840531ca0096c4fa0da8f80d6cb1 
This program is licensed under the BSD-3 license. See the LICENSE file for details.
Components of this program may be licensed under more restrictive licenses which must be honored.
[WARNING STA-0163] /openlane/designs/iiitb_counter/src/sky130_fd_sc_hd__typical.lib line 23, default_fanout_load is 0.0.
[INFO ODB-0222] Reading LEF file: /openlane/designs/iiitb_counter/runs/RUN_2022.09.06_10.51.26/tmp/merged.nom.lef
[WARNING ODB-0220] WARNING (LEFPARS-2036): SOURCE statement is obsolete in version 5.6 and later.
The LEF parser will ignore this statement.
To avoid this warning in the future, remove this statement from the LEF file with version 5.6 or later. See file /openlane/designs/iiitb_counter/runs/RUN_2022.09.06_10.51.26/tmp/merged.nom.lef at line 930.

[INFO ODB-0223]     Created 13 technology layers
[INFO ODB-0224]     Created 25 technology vias
[INFO ODB-0225]     Created 442 library cells
[INFO ODB-0226] Finished LEF file:  /openlane/designs/iiitb_counter/runs/RUN_2022.09.06_10.51.26/tmp/merged.nom.lef
[WARNING STA-0337] port 'clkin' not found.
[INFO]: Setting output delay to: 13.0
[INFO]: Setting input delay to: 13.0
[WARNING STA-0337] port 'clkin' not found.
[INFO]: Setting load to: 0.033442
[INFO]: Setting clock uncertainity to: 0.25
[INFO]: Setting clock transition to: 0.15
[WARNING STA-0559] transition time can not be specified for virtual clocks.
[INFO]: Setting timing derate to: 0.5 %
[INFO IFP-0001] Added 17 rows of 103 sites.
[INFO IFP-0030] Inserted 0 tiecells using sky130_fd_sc_hd__conb_1/LO.
[INFO IFP-0030] Inserted 0 tiecells using sky130_fd_sc_hd__conb_1/HI.
[INFO] Extracting DIE_AREA and CORE_AREA from the floorplan
[INFO] Floorplanned on a die area of 0.0 0.0 58.695 69.415 (microns). Saving to /openlane/designs/iiitb_counter/runs/RUN_2022.09.06_10.51.26/reports/floorplan/3-initial_fp_die_area.rpt.
[INFO] Floorplanned on a core area of 5.52 10.88 52.9 57.12 (microns). Saving to /openlane/designs/iiitb_counter/runs/RUN_2022.09.06_10.51.26/reports/floorplan/3-initial_fp_core_area.rpt.
