OpenROAD 4a99e88667b0840531ca0096c4fa0da8f80d6cb1 
This program is licensed under the BSD-3 license. See the LICENSE file for details.
Components of this program may be licensed under more restrictive licenses which must be honored.
[WARNING STA-0163] /openlane/designs/iiitb_counter/runs/RUN_2022.09.06_10.51.26/tmp/cts/cts.lib line 23, default_fanout_load is 0.0.
[INFO ODB-0222] Reading LEF file: /openlane/designs/iiitb_counter/runs/RUN_2022.09.06_10.51.26/tmp/merged.nom.lef
[WARNING ODB-0220] WARNING (LEFPARS-2036): SOURCE statement is obsolete in version 5.6 and later.
The LEF parser will ignore this statement.
To avoid this warning in the future, remove this statement from the LEF file with version 5.6 or later. See file /openlane/designs/iiitb_counter/runs/RUN_2022.09.06_10.51.26/tmp/merged.nom.lef at line 930.

[INFO ODB-0223]     Created 13 technology layers
[INFO ODB-0224]     Created 25 technology vias
[INFO ODB-0225]     Created 442 library cells
[INFO ODB-0226] Finished LEF file:  /openlane/designs/iiitb_counter/runs/RUN_2022.09.06_10.51.26/tmp/merged.nom.lef
[INFO ODB-0127] Reading DEF file: /openlane/designs/iiitb_counter/runs/RUN_2022.09.06_10.51.26/results/placement/iiitb_counter.def
[INFO ODB-0128] Design: iiitb_counter
[INFO ODB-0130]     Created 20 pins.
[INFO ODB-0131]     Created 120 components and 591 component-terminals.
[INFO ODB-0132]     Created 2 special nets and 418 connections.
[INFO ODB-0133]     Created 60 nets and 173 connections.
[INFO ODB-0134] Finished DEF file: /openlane/designs/iiitb_counter/runs/RUN_2022.09.06_10.51.26/results/placement/iiitb_counter.def
[INFO]: Setting RC values...
[INFO]: Configuring cts characterization...
[INFO]: Performing clock tree synthesis...
[INFO]: Looking for the following net(s): clkin
[INFO]: Running Clock Tree Synthesis...
[INFO CTS-0049] Characterization buffer is: sky130_fd_sc_hd__clkbuf_8.
[INFO CTS-0038] Number of created patterns = 50000.
[INFO CTS-0038] Number of created patterns = 100000.
[INFO CTS-0039] Number of created patterns = 137808.
[INFO CTS-0084] Compiling LUT.
Min. len    Max. len    Min. cap    Max. cap    Min. slew   Max. slew
2           8           1           35          1           48          
[WARNING CTS-0043] 4752 wires are pure wire and no slew degradation.
TritonCTS forced slew degradation on these wires.
[INFO CTS-0046]     Number of wire segments: 137808.
[INFO CTS-0047]     Number of keys in characterization LUT: 1760.
[INFO CTS-0048]     Actual min input cap: 1.
[WARNING CTS-0083] No clock nets have been found.
[INFO CTS-0008] TritonCTS found 0 clock nets.
[WARNING CTS-0082] No valid clock nets in the design.
[WARNING STA-0357] virtual clock clkin can not be propagated.
[INFO]: Repairing long wires on clock nets...
[INFO RSZ-0058] Using max wire length 3048um.
[INFO]: Legalizing...
Placement Analysis
---------------------------------
total displacement          0.0 u
average displacement        0.0 u
max displacement            0.0 u
original HPWL            1085.2 u
legalized HPWL           1119.3 u
delta HPWL                    3 %

[INFO DPL-0020] Mirrored 24 instances
[INFO DPL-0021] HPWL before            1119.3 u
[INFO DPL-0022] HPWL after             1085.2 u
[INFO DPL-0023] HPWL delta               -3.0 %
cts_report
[INFO CTS-0003] Total number of Clock Roots: 0.
[INFO CTS-0004] Total number of Buffers Inserted: 0.
[INFO CTS-0005] Total number of Clock Subnets: 0.
[INFO CTS-0006] Total number of Sinks: 0.
cts_report_end
min_report

===========================================================================
report_checks -path_delay min (Hold)
============================================================================
Startpoint: _51_ (rising edge-triggered flip-flop)
Endpoint: Q[7] (output port clocked by clkin)
Path Group: clkin
Path Type: min

Fanout     Cap    Slew   Delay    Time   Description
-----------------------------------------------------------------------------
                  0.12    0.00    0.00 ^ _51_/CLK (sky130_fd_sc_hd__dfrtp_1)
                  0.09    0.41    0.41 v _51_/Q (sky130_fd_sc_hd__dfrtp_1)
     4    0.01                           net10 (net)
                  0.09    0.00    0.41 v output10/A (sky130_fd_sc_hd__buf_2)
                  0.09    0.19    0.60 v output10/X (sky130_fd_sc_hd__buf_2)
     1    0.03                           Q[7] (net)
                  0.09    0.00    0.60 v Q[7] (out)
                                  0.60   data arrival time

                  0.00    0.00    0.00   clock clkin (rise edge)
                          0.00    0.00   clock network delay (ideal)
                          0.25    0.25   clock uncertainty
                          0.00    0.25   clock reconvergence pessimism
                        -13.00  -12.75   output external delay
                                -12.75   data required time
-----------------------------------------------------------------------------
                                -12.75   data required time
                                 -0.60   data arrival time
-----------------------------------------------------------------------------
                                 13.35   slack (MET)


Startpoint: _55_ (rising edge-triggered flip-flop)
Endpoint: Q[3] (output port clocked by clkin)
Path Group: clkin
Path Type: min

Fanout     Cap    Slew   Delay    Time   Description
-----------------------------------------------------------------------------
                  0.12    0.00    0.00 ^ _55_/CLK (sky130_fd_sc_hd__dfrtp_2)
                  0.10    0.40    0.40 ^ _55_/Q (sky130_fd_sc_hd__dfrtp_2)
     6    0.02                           net6 (net)
                  0.10    0.00    0.40 ^ output6/A (sky130_fd_sc_hd__buf_2)
                  0.17    0.21    0.61 ^ output6/X (sky130_fd_sc_hd__buf_2)
     1    0.03                           Q[3] (net)
                  0.17    0.00    0.61 ^ Q[3] (out)
                                  0.61   data arrival time

                  0.00    0.00    0.00   clock clkin (rise edge)
                          0.00    0.00   clock network delay (ideal)
                          0.25    0.25   clock uncertainty
                          0.00    0.25   clock reconvergence pessimism
                        -13.00  -12.75   output external delay
                                -12.75   data required time
-----------------------------------------------------------------------------
                                -12.75   data required time
                                 -0.61   data arrival time
-----------------------------------------------------------------------------
                                 13.36   slack (MET)


Startpoint: _49_ (rising edge-triggered flip-flop)
Endpoint: Q[5] (output port clocked by clkin)
Path Group: clkin
Path Type: min

Fanout     Cap    Slew   Delay    Time   Description
-----------------------------------------------------------------------------
                  0.12    0.00    0.00 ^ _49_/CLK (sky130_fd_sc_hd__dfrtp_2)
                  0.11    0.41    0.41 ^ _49_/Q (sky130_fd_sc_hd__dfrtp_2)
     6    0.02                           net8 (net)
                  0.11    0.00    0.41 ^ output8/A (sky130_fd_sc_hd__buf_2)
                  0.17    0.21    0.62 ^ output8/X (sky130_fd_sc_hd__buf_2)
     1    0.03                           Q[5] (net)
                  0.17    0.00    0.62 ^ Q[5] (out)
                                  0.62   data arrival time

                  0.00    0.00    0.00   clock clkin (rise edge)
                          0.00    0.00   clock network delay (ideal)
                          0.25    0.25   clock uncertainty
                          0.00    0.25   clock reconvergence pessimism
                        -13.00  -12.75   output external delay
                                -12.75   data required time
-----------------------------------------------------------------------------
                                -12.75   data required time
                                 -0.62   data arrival time
-----------------------------------------------------------------------------
                                 13.37   slack (MET)


Startpoint: _53_ (rising edge-triggered flip-flop)
Endpoint: Q[1] (output port clocked by clkin)
Path Group: clkin
Path Type: min

Fanout     Cap    Slew   Delay    Time   Description
-----------------------------------------------------------------------------
                  0.12    0.00    0.00 ^ _53_/CLK (sky130_fd_sc_hd__dfrtp_2)
                  0.11    0.41    0.41 ^ _53_/Q (sky130_fd_sc_hd__dfrtp_2)
     7    0.02                           net4 (net)
                  0.11    0.00    0.41 ^ output4/A (sky130_fd_sc_hd__buf_2)
                  0.17    0.21    0.62 ^ output4/X (sky130_fd_sc_hd__buf_2)
     1    0.03                           Q[1] (net)
                  0.17    0.00    0.62 ^ Q[1] (out)
                                  0.62   data arrival time

                  0.00    0.00    0.00   clock clkin (rise edge)
                          0.00    0.00   clock network delay (ideal)
                          0.25    0.25   clock uncertainty
                          0.00    0.25   clock reconvergence pessimism
                        -13.00  -12.75   output external delay
                                -12.75   data required time
-----------------------------------------------------------------------------
                                -12.75   data required time
                                 -0.62   data arrival time
-----------------------------------------------------------------------------
                                 13.37   slack (MET)


Startpoint: _50_ (rising edge-triggered flip-flop)
Endpoint: Q[6] (output port clocked by clkin)
Path Group: clkin
Path Type: min

Fanout     Cap    Slew   Delay    Time   Description
-----------------------------------------------------------------------------
                  0.12    0.00    0.00 ^ _50_/CLK (sky130_fd_sc_hd__dfrtp_2)
                  0.11    0.41    0.41 ^ _50_/Q (sky130_fd_sc_hd__dfrtp_2)
     6    0.02                           net9 (net)
                  0.11    0.00    0.41 ^ output9/A (sky130_fd_sc_hd__buf_2)
                  0.18    0.21    0.62 ^ output9/X (sky130_fd_sc_hd__buf_2)
     1    0.03                           Q[6] (net)
                  0.18    0.00    0.62 ^ Q[6] (out)
                                  0.62   data arrival time

                  0.00    0.00    0.00   clock clkin (rise edge)
                          0.00    0.00   clock network delay (ideal)
                          0.25    0.25   clock uncertainty
                          0.00    0.25   clock reconvergence pessimism
                        -13.00  -12.75   output external delay
                                -12.75   data required time
-----------------------------------------------------------------------------
                                -12.75   data required time
                                 -0.62   data arrival time
-----------------------------------------------------------------------------
                                 13.37   slack (MET)


min_report_end
max_report

===========================================================================
report_checks -path_delay max (Setup)
============================================================================
Startpoint: _52_ (rising edge-triggered flip-flop)
Endpoint: Qu[0] (output port clocked by clkin)
Path Group: clkin
Path Type: max

Fanout     Cap    Slew   Delay    Time   Description
-----------------------------------------------------------------------------
                  0.12    0.00    0.00 ^ _52_/CLK (sky130_fd_sc_hd__dfrtp_4)
                  0.09    0.56    0.56 v _52_/Q (sky130_fd_sc_hd__dfrtp_4)
     8    0.02                           net3 (net)
                  0.09    0.00    0.56 v _56_/A (sky130_fd_sc_hd__clkbuf_1)
                  0.03    0.11    0.67 v _56_/X (sky130_fd_sc_hd__clkbuf_1)
     1    0.00                           net11 (net)
                  0.03    0.00    0.67 v output11/A (sky130_fd_sc_hd__buf_2)
                  0.09    0.18    0.85 v output11/X (sky130_fd_sc_hd__buf_2)
     1    0.03                           Qu[0] (net)
                  0.09    0.00    0.85 v Qu[0] (out)
                                  0.85   data arrival time

                  0.00   65.00   65.00   clock clkin (rise edge)
                          0.00   65.00   clock network delay (ideal)
                         -0.25   64.75   clock uncertainty
                          0.00   64.75   clock reconvergence pessimism
                        -13.00   51.75   output external delay
                                 51.75   data required time
-----------------------------------------------------------------------------
                                 51.75   data required time
                                 -0.85   data arrival time
-----------------------------------------------------------------------------
                                 50.90   slack (MET)


Startpoint: _48_ (rising edge-triggered flip-flop)
Endpoint: Qz[0] (output port clocked by clkin)
Path Group: clkin
Path Type: max

Fanout     Cap    Slew   Delay    Time   Description
-----------------------------------------------------------------------------
                  0.12    0.00    0.00 ^ _48_/CLK (sky130_fd_sc_hd__dfrtp_2)
                  0.08    0.49    0.49 v _48_/Q (sky130_fd_sc_hd__dfrtp_2)
     7    0.02                           net7 (net)
                  0.08    0.00    0.49 v _60_/A (sky130_fd_sc_hd__clkbuf_1)
                  0.02    0.10    0.59 v _60_/X (sky130_fd_sc_hd__clkbuf_1)
     1    0.00                           net15 (net)
                  0.02    0.00    0.59 v output15/A (sky130_fd_sc_hd__buf_2)
                  0.09    0.18    0.77 v output15/X (sky130_fd_sc_hd__buf_2)
     1    0.03                           Qz[0] (net)
                  0.09    0.00    0.78 v Qz[0] (out)
                                  0.78   data arrival time

                  0.00   65.00   65.00   clock clkin (rise edge)
                          0.00   65.00   clock network delay (ideal)
                         -0.25   64.75   clock uncertainty
                          0.00   64.75   clock reconvergence pessimism
                        -13.00   51.75   output external delay
                                 51.75   data required time
-----------------------------------------------------------------------------
                                 51.75   data required time
                                 -0.78   data arrival time
-----------------------------------------------------------------------------
                                 50.97   slack (MET)


Startpoint: _53_ (rising edge-triggered flip-flop)
Endpoint: Qu[1] (output port clocked by clkin)
Path Group: clkin
Path Type: max

Fanout     Cap    Slew   Delay    Time   Description
-----------------------------------------------------------------------------
                  0.12    0.00    0.00 ^ _53_/CLK (sky130_fd_sc_hd__dfrtp_2)
                  0.08    0.48    0.48 v _53_/Q (sky130_fd_sc_hd__dfrtp_2)
     7    0.02                           net4 (net)
                  0.08    0.00    0.48 v _57_/A (sky130_fd_sc_hd__clkbuf_1)
                  0.03    0.11    0.59 v _57_/X (sky130_fd_sc_hd__clkbuf_1)
     1    0.00                           net12 (net)
                  0.03    0.00    0.59 v output12/A (sky130_fd_sc_hd__buf_2)
                  0.09    0.18    0.77 v output12/X (sky130_fd_sc_hd__buf_2)
     1    0.03                           Qu[1] (net)
                  0.09    0.00    0.77 v Qu[1] (out)
                                  0.77   data arrival time

                  0.00   65.00   65.00   clock clkin (rise edge)
                          0.00   65.00   clock network delay (ideal)
                         -0.25   64.75   clock uncertainty
                          0.00   64.75   clock reconvergence pessimism
                        -13.00   51.75   output external delay
                                 51.75   data required time
-----------------------------------------------------------------------------
                                 51.75   data required time
                                 -0.77   data arrival time
-----------------------------------------------------------------------------
                                 50.98   slack (MET)


Startpoint: _52_ (rising edge-triggered flip-flop)
Endpoint: Q[0] (output port clocked by clkin)
Path Group: clkin
Path Type: max

Fanout     Cap    Slew   Delay    Time   Description
-----------------------------------------------------------------------------
                  0.12    0.00    0.00 ^ _52_/CLK (sky130_fd_sc_hd__dfrtp_4)
                  0.09    0.56    0.56 v _52_/Q (sky130_fd_sc_hd__dfrtp_4)
     8    0.02                           net3 (net)
                  0.09    0.00    0.56 v output3/A (sky130_fd_sc_hd__buf_2)
                  0.09    0.21    0.77 v output3/X (sky130_fd_sc_hd__buf_2)
     1    0.03                           Q[0] (net)
                  0.09    0.00    0.77 v Q[0] (out)
                                  0.77   data arrival time

                  0.00   65.00   65.00   clock clkin (rise edge)
                          0.00   65.00   clock network delay (ideal)
                         -0.25   64.75   clock uncertainty
                          0.00   64.75   clock reconvergence pessimism
                        -13.00   51.75   output external delay
                                 51.75   data required time
-----------------------------------------------------------------------------
                                 51.75   data required time
                                 -0.77   data arrival time
-----------------------------------------------------------------------------
                                 50.98   slack (MET)


Startpoint: _54_ (rising edge-triggered flip-flop)
Endpoint: Qu[2] (output port clocked by clkin)
Path Group: clkin
Path Type: max

Fanout     Cap    Slew   Delay    Time   Description
-----------------------------------------------------------------------------
                  0.12    0.00    0.00 ^ _54_/CLK (sky130_fd_sc_hd__dfrtp_2)
                  0.08    0.49    0.49 v _54_/Q (sky130_fd_sc_hd__dfrtp_2)
     6    0.02                           net5 (net)
                  0.08    0.00    0.49 v _58_/A (sky130_fd_sc_hd__clkbuf_1)
                  0.02    0.10    0.59 v _58_/X (sky130_fd_sc_hd__clkbuf_1)
     1    0.00                           net13 (net)
                  0.02    0.00    0.59 v output13/A (sky130_fd_sc_hd__buf_2)
                  0.09    0.18    0.77 v output13/X (sky130_fd_sc_hd__buf_2)
     1    0.03                           Qu[2] (net)
                  0.09    0.00    0.77 v Qu[2] (out)
                                  0.77   data arrival time

                  0.00   65.00   65.00   clock clkin (rise edge)
                          0.00   65.00   clock network delay (ideal)
                         -0.25   64.75   clock uncertainty
                          0.00   64.75   clock reconvergence pessimism
                        -13.00   51.75   output external delay
                                 51.75   data required time
-----------------------------------------------------------------------------
                                 51.75   data required time
                                 -0.77   data arrival time
-----------------------------------------------------------------------------
                                 50.98   slack (MET)


max_report_end
check_report

===========================================================================
report_checks -unconstrained
============================================================================
Startpoint: _52_ (rising edge-triggered flip-flop)
Endpoint: Qu[0] (output port clocked by clkin)
Path Group: clkin
Path Type: max

Fanout     Cap    Slew   Delay    Time   Description
-----------------------------------------------------------------------------
                  0.12    0.00    0.00 ^ _52_/CLK (sky130_fd_sc_hd__dfrtp_4)
                  0.09    0.56    0.56 v _52_/Q (sky130_fd_sc_hd__dfrtp_4)
     8    0.02                           net3 (net)
                  0.09    0.00    0.56 v _56_/A (sky130_fd_sc_hd__clkbuf_1)
                  0.03    0.11    0.67 v _56_/X (sky130_fd_sc_hd__clkbuf_1)
     1    0.00                           net11 (net)
                  0.03    0.00    0.67 v output11/A (sky130_fd_sc_hd__buf_2)
                  0.09    0.18    0.85 v output11/X (sky130_fd_sc_hd__buf_2)
     1    0.03                           Qu[0] (net)
                  0.09    0.00    0.85 v Qu[0] (out)
                                  0.85   data arrival time

                  0.00   65.00   65.00   clock clkin (rise edge)
                          0.00   65.00   clock network delay (ideal)
                         -0.25   64.75   clock uncertainty
                          0.00   64.75   clock reconvergence pessimism
                        -13.00   51.75   output external delay
                                 51.75   data required time
-----------------------------------------------------------------------------
                                 51.75   data required time
                                 -0.85   data arrival time
-----------------------------------------------------------------------------
                                 50.90   slack (MET)



===========================================================================
report_checks --slack_max -0.01
============================================================================
No paths found.
check_report_end
check_slew

===========================================================================
 report_check_types -max_slew -max_cap -max_fanout -violators
============================================================================

===========================================================================
max slew violation count 0
max fanout violation count 0
max cap violation count 0
============================================================================
check_slew_end
tns_report

===========================================================================
 report_tns
============================================================================
tns 0.00
tns_report_end
wns_report

===========================================================================
 report_wns
============================================================================
wns 0.00
wns_report_end
worst_slack

===========================================================================
 report_worst_slack -max (Setup)
============================================================================
worst slack 50.90

===========================================================================
 report_worst_slack -min (Hold)
============================================================================
worst slack 13.35
worst_slack_end
clock_skew

===========================================================================
 report_clock_skew
============================================================================
Clock clkin
No launch/capture paths found.

clock_skew_end
power_report

===========================================================================
 report_power
============================================================================
Group                  Internal  Switching    Leakage      Total
                          Power      Power      Power      Power (Watts)
----------------------------------------------------------------
Sequential             4.85e-07   5.52e-07   6.48e-11   1.04e-06  85.0%
Combinational          4.34e-08   1.39e-07   2.87e-10   1.83e-07  15.0%
Macro                  0.00e+00   0.00e+00   0.00e+00   0.00e+00   0.0%
Pad                    0.00e+00   0.00e+00   0.00e+00   0.00e+00   0.0%
----------------------------------------------------------------
Total                  5.29e-07   6.90e-07   3.51e-10   1.22e-06 100.0%
                          43.3%      56.6%       0.0%
power_report_end
area_report

===========================================================================
 report_design_area
============================================================================
Design area 662 u^2 30% utilization.
area_report_end
