OpenROAD 4a99e88667b0840531ca0096c4fa0da8f80d6cb1 
This program is licensed under the BSD-3 license. See the LICENSE file for details.
Components of this program may be licensed under more restrictive licenses which must be honored.
[WARNING STA-0163] /openlane/designs/iiitb_counter/src/sky130_fd_sc_hd__typical.lib line 23, default_fanout_load is 0.0.
[INFO ODB-0222] Reading LEF file: /openlane/designs/iiitb_counter/runs/RUN_2022.09.06_10.51.26/tmp/merged.nom.lef
[WARNING ODB-0220] WARNING (LEFPARS-2036): SOURCE statement is obsolete in version 5.6 and later.
The LEF parser will ignore this statement.
To avoid this warning in the future, remove this statement from the LEF file with version 5.6 or later. See file /openlane/designs/iiitb_counter/runs/RUN_2022.09.06_10.51.26/tmp/merged.nom.lef at line 930.

[INFO ODB-0223]     Created 13 technology layers
[INFO ODB-0224]     Created 25 technology vias
[INFO ODB-0225]     Created 442 library cells
[INFO ODB-0226] Finished LEF file:  /openlane/designs/iiitb_counter/runs/RUN_2022.09.06_10.51.26/tmp/merged.nom.lef
[INFO ODB-0127] Reading DEF file: /openlane/designs/iiitb_counter/runs/RUN_2022.09.06_10.51.26/tmp/floorplan/6-pdn.def
[INFO ODB-0128] Design: iiitb_counter
[INFO ODB-0130]     Created 20 pins.
[INFO ODB-0131]     Created 102 components and 483 component-terminals.
[INFO ODB-0132]     Created 2 special nets and 346 connections.
[INFO ODB-0133]     Created 42 nets and 137 connections.
[INFO ODB-0134] Finished DEF file: /openlane/designs/iiitb_counter/runs/RUN_2022.09.06_10.51.26/tmp/floorplan/6-pdn.def
[INFO]: Setting RC values...
[INFO]: Setting signal min routing layer to: met1 and clock min routing layer to met1. 
[INFO]: Setting signal max routing layer to: met5 and clock max routing layer to met5. 
[INFO GPL-0002] DBU: 1000
[INFO GPL-0003] SiteSize: 460 2720
[INFO GPL-0004] CoreAreaLxLy: 5520 10880
[INFO GPL-0005] CoreAreaUxUy: 52900 57120
[INFO GPL-0006] NumInstances: 102
[INFO GPL-0007] NumPlaceInstances: 40
[INFO GPL-0008] NumFixedInstances: 62
[INFO GPL-0009] NumDummyInstances: 0
[INFO GPL-0010] NumNets: 42
[INFO GPL-0011] NumPins: 155
[INFO GPL-0012] DieAreaLxLy: 0 0
[INFO GPL-0013] DieAreaUxUy: 58695 69415
[INFO GPL-0014] CoreAreaLxLy: 5520 10880
[INFO GPL-0015] CoreAreaUxUy: 52900 57120
[INFO GPL-0016] CoreArea: 2190851200
[INFO GPL-0017] NonPlaceInstsArea: 162656000
[INFO GPL-0018] PlaceInstsArea: 454185600
[INFO GPL-0019] Util(%): 22.39
[INFO GPL-0020] StdInstsArea: 454185600
[INFO GPL-0021] MacroInstsArea: 0
[InitialPlace]  Iter: 1 CG residual: 0.00000004 HPWL: 1413145
[InitialPlace]  Iter: 2 CG residual: 0.00000005 HPWL: 1127936
[InitialPlace]  Iter: 3 CG residual: 0.00000011 HPWL: 1081013
[InitialPlace]  Iter: 4 CG residual: 0.00000007 HPWL: 1070109
[InitialPlace]  Iter: 5 CG residual: 0.00000010 HPWL: 1066446
[INFO GPL-0031] FillerInit: NumGCells: 128
[INFO GPL-0032] FillerInit: NumGNets: 42
[INFO GPL-0033] FillerInit: NumGPins: 155
[INFO GPL-0023] TargetDensity: 0.70
[INFO GPL-0024] AveragePlaceInstArea: 11354640
[INFO GPL-0025] IdealBinArea: 16220915
[INFO GPL-0026] IdealBinCnt: 135
[INFO GPL-0027] TotalBinArea: 2190851200
[INFO GPL-0028] BinCnt: 8 8
[INFO GPL-0029] BinSize: 5923 5780
[INFO GPL-0030] NumBins: 64
[NesterovSolve] Iter: 1 overflow: 0.583433 HPWL: 850405
[INFO GPL-0100] worst slack 5.09e-08
[INFO GPL-0103] Weighted 4 nets.
[NesterovSolve] Snapshot saved at iter = 0
[NesterovSolve] Iter: 10 overflow: 0.547973 HPWL: 862807
[NesterovSolve] Iter: 20 overflow: 0.523763 HPWL: 865707
[NesterovSolve] Iter: 30 overflow: 0.530682 HPWL: 864775
[NesterovSolve] Iter: 40 overflow: 0.525037 HPWL: 864935
[NesterovSolve] Iter: 50 overflow: 0.525662 HPWL: 865035
[NesterovSolve] Iter: 60 overflow: 0.526285 HPWL: 864905
[NesterovSolve] Iter: 70 overflow: 0.525486 HPWL: 864935
[NesterovSolve] Iter: 80 overflow: 0.525796 HPWL: 864880
[NesterovSolve] Iter: 90 overflow: 0.52548 HPWL: 864793
[NesterovSolve] Iter: 100 overflow: 0.525208 HPWL: 864704
[NesterovSolve] Iter: 110 overflow: 0.524891 HPWL: 864627
[NesterovSolve] Iter: 120 overflow: 0.524159 HPWL: 864714
[NesterovSolve] Iter: 130 overflow: 0.523154 HPWL: 865070
[NesterovSolve] Iter: 140 overflow: 0.521794 HPWL: 865648
[NesterovSolve] Iter: 150 overflow: 0.51954 HPWL: 866260
[NesterovSolve] Iter: 160 overflow: 0.51551 HPWL: 867599
[NesterovSolve] Iter: 170 overflow: 0.509363 HPWL: 869235
[NesterovSolve] Iter: 180 overflow: 0.499857 HPWL: 872734
[NesterovSolve] Iter: 190 overflow: 0.48636 HPWL: 877629
[INFO GPL-0100] worst slack 5.09e-08
[INFO GPL-0103] Weighted 4 nets.
[NesterovSolve] Iter: 200 overflow: 0.463841 HPWL: 884799
[NesterovSolve] Iter: 210 overflow: 0.432891 HPWL: 890607
[NesterovSolve] Iter: 220 overflow: 0.38271 HPWL: 892044
[NesterovSolve] Iter: 230 overflow: 0.319859 HPWL: 886128
[NesterovSolve] Iter: 240 overflow: 0.282224 HPWL: 883101
[INFO GPL-0100] worst slack 5.09e-08
[INFO GPL-0103] Weighted 4 nets.
[NesterovSolve] Iter: 250 overflow: 0.255986 HPWL: 882833
[NesterovSolve] Iter: 260 overflow: 0.230236 HPWL: 885529
[NesterovSolve] Iter: 270 overflow: 0.208364 HPWL: 889554
[INFO GPL-0100] worst slack 5.09e-08
[INFO GPL-0103] Weighted 4 nets.
[INFO GPL-0075] Routability numCall: 1 inflationIterCnt: 1 bloatIterCnt: 0
[INFO GPL-0036] TileLxLy: 0 0
[INFO GPL-0037] TileSize: 6900 6900
[INFO GPL-0038] TileCnt: 8 10
[INFO GPL-0039] numRoutingLayers: 6
[INFO GPL-0040] NumTiles: 80
[INFO GPL-0063] TotalRouteOverflowH2: 0.0
[INFO GPL-0064] TotalRouteOverflowV2: 0.0
[INFO GPL-0065] OverflowTileCnt2: 0
[INFO GPL-0066] 0.5%RC: 1.0
[INFO GPL-0067] 1.0%RC: 1.0
[INFO GPL-0068] 2.0%RC: 0.9200000047683716
[INFO GPL-0069] 5.0%RC: 0.7500000054186041
[INFO GPL-0070] 0.5rcK: 1.0
[INFO GPL-0071] 1.0rcK: 1.0
[INFO GPL-0072] 2.0rcK: 0.0
[INFO GPL-0073] 5.0rcK: 0.0
[INFO GPL-0074] FinalRC: 1.0
[NesterovSolve] Iter: 280 overflow: 0.19516 HPWL: 891210
[NesterovSolve] Iter: 290 overflow: 0.147641 HPWL: 894389
[INFO GPL-0100] worst slack 5.09e-08
[INFO GPL-0103] Weighted 4 nets.
[NesterovSolve] Iter: 300 overflow: 0.109176 HPWL: 894333
[NesterovSolve] Iter: 310 overflow: 0.102794 HPWL: 896548
[NesterovSolve] Finished with Overflow: 0.098817
[INFO]: Setting RC values...
min_report

===========================================================================
report_checks -path_delay min (Hold)
============================================================================
Startpoint: _51_ (rising edge-triggered flip-flop)
Endpoint: Q[7] (output port clocked by clkin)
Path Group: clkin
Path Type: min

Fanout     Cap    Slew   Delay    Time   Description
-----------------------------------------------------------------------------
                  0.10    0.00    0.00 ^ _51_/CLK (sky130_fd_sc_hd__dfrtp_2)
                  0.23    0.49    0.49 ^ _51_/Q (sky130_fd_sc_hd__dfrtp_2)
     4    0.04                           Q[7] (net)
                  0.23    0.00    0.49 ^ Q[7] (out)
                                  0.49   data arrival time

                  0.00    0.00    0.00   clock clkin (rise edge)
                          0.00    0.00   clock network delay (ideal)
                          0.25    0.25   clock uncertainty
                          0.00    0.25   clock reconvergence pessimism
                        -13.00  -12.75   output external delay
                                -12.75   data required time
-----------------------------------------------------------------------------
                                -12.75   data required time
                                 -0.49   data arrival time
-----------------------------------------------------------------------------
                                 13.24   slack (MET)


Startpoint: _55_ (rising edge-triggered flip-flop)
Endpoint: Q[3] (output port clocked by clkin)
Path Group: clkin
Path Type: min

Fanout     Cap    Slew   Delay    Time   Description
-----------------------------------------------------------------------------
                  0.10    0.00    0.00 ^ _55_/CLK (sky130_fd_sc_hd__dfrtp_2)
                  0.14    0.49    0.49 v _55_/Q (sky130_fd_sc_hd__dfrtp_2)
     6    0.04                           Q[3] (net)
                  0.14    0.00    0.50 v Q[3] (out)
                                  0.50   data arrival time

                  0.00    0.00    0.00   clock clkin (rise edge)
                          0.00    0.00   clock network delay (ideal)
                          0.25    0.25   clock uncertainty
                          0.00    0.25   clock reconvergence pessimism
                        -13.00  -12.75   output external delay
                                -12.75   data required time
-----------------------------------------------------------------------------
                                -12.75   data required time
                                 -0.50   data arrival time
-----------------------------------------------------------------------------
                                 13.25   slack (MET)


Startpoint: _50_ (rising edge-triggered flip-flop)
Endpoint: Q[6] (output port clocked by clkin)
Path Group: clkin
Path Type: min

Fanout     Cap    Slew   Delay    Time   Description
-----------------------------------------------------------------------------
                  0.10    0.00    0.00 ^ _50_/CLK (sky130_fd_sc_hd__dfrtp_2)
                  0.14    0.50    0.50 v _50_/Q (sky130_fd_sc_hd__dfrtp_2)
     6    0.04                           Q[6] (net)
                  0.14    0.00    0.50 v Q[6] (out)
                                  0.50   data arrival time

                  0.00    0.00    0.00   clock clkin (rise edge)
                          0.00    0.00   clock network delay (ideal)
                          0.25    0.25   clock uncertainty
                          0.00    0.25   clock reconvergence pessimism
                        -13.00  -12.75   output external delay
                                -12.75   data required time
-----------------------------------------------------------------------------
                                -12.75   data required time
                                 -0.50   data arrival time
-----------------------------------------------------------------------------
                                 13.25   slack (MET)


Startpoint: _53_ (rising edge-triggered flip-flop)
Endpoint: Q[1] (output port clocked by clkin)
Path Group: clkin
Path Type: min

Fanout     Cap    Slew   Delay    Time   Description
-----------------------------------------------------------------------------
                  0.10    0.00    0.00 ^ _53_/CLK (sky130_fd_sc_hd__dfrtp_2)
                  0.15    0.50    0.50 v _53_/Q (sky130_fd_sc_hd__dfrtp_2)
     7    0.05                           Q[1] (net)
                  0.15    0.00    0.50 v Q[1] (out)
                                  0.50   data arrival time

                  0.00    0.00    0.00   clock clkin (rise edge)
                          0.00    0.00   clock network delay (ideal)
                          0.25    0.25   clock uncertainty
                          0.00    0.25   clock reconvergence pessimism
                        -13.00  -12.75   output external delay
                                -12.75   data required time
-----------------------------------------------------------------------------
                                -12.75   data required time
                                 -0.50   data arrival time
-----------------------------------------------------------------------------
                                 13.25   slack (MET)


Startpoint: _49_ (rising edge-triggered flip-flop)
Endpoint: Q[5] (output port clocked by clkin)
Path Group: clkin
Path Type: min

Fanout     Cap    Slew   Delay    Time   Description
-----------------------------------------------------------------------------
                  0.10    0.00    0.00 ^ _49_/CLK (sky130_fd_sc_hd__dfrtp_2)
                  0.15    0.50    0.50 v _49_/Q (sky130_fd_sc_hd__dfrtp_2)
     6    0.05                           Q[5] (net)
                  0.15    0.00    0.50 v Q[5] (out)
                                  0.50   data arrival time

                  0.00    0.00    0.00   clock clkin (rise edge)
                          0.00    0.00   clock network delay (ideal)
                          0.25    0.25   clock uncertainty
                          0.00    0.25   clock reconvergence pessimism
                        -13.00  -12.75   output external delay
                                -12.75   data required time
-----------------------------------------------------------------------------
                                -12.75   data required time
                                 -0.50   data arrival time
-----------------------------------------------------------------------------
                                 13.25   slack (MET)


min_report_end
max_report

===========================================================================
report_checks -path_delay max (Setup)
============================================================================
Startpoint: _52_ (rising edge-triggered flip-flop)
Endpoint: Qu[0] (output port clocked by clkin)
Path Group: clkin
Path Type: max

Fanout     Cap    Slew   Delay    Time   Description
-----------------------------------------------------------------------------
                  0.10    0.00    0.00 ^ _52_/CLK (sky130_fd_sc_hd__dfrtp_2)
                  0.29    0.58    0.58 ^ _52_/Q (sky130_fd_sc_hd__dfrtp_2)
     8    0.05                           Q[0] (net)
                  0.29    0.00    0.58 ^ _56_/A (sky130_fd_sc_hd__buf_2)
                  0.18    0.29    0.87 ^ _56_/X (sky130_fd_sc_hd__buf_2)
     1    0.03                           Qu[0] (net)
                  0.18    0.00    0.87 ^ Qu[0] (out)
                                  0.87   data arrival time

                  0.00   65.00   65.00   clock clkin (rise edge)
                          0.00   65.00   clock network delay (ideal)
                         -0.25   64.75   clock uncertainty
                          0.00   64.75   clock reconvergence pessimism
                        -13.00   51.75   output external delay
                                 51.75   data required time
-----------------------------------------------------------------------------
                                 51.75   data required time
                                 -0.87   data arrival time
-----------------------------------------------------------------------------
                                 50.88   slack (MET)


Startpoint: _48_ (rising edge-triggered flip-flop)
Endpoint: Qz[0] (output port clocked by clkin)
Path Group: clkin
Path Type: max

Fanout     Cap    Slew   Delay    Time   Description
-----------------------------------------------------------------------------
                  0.10    0.00    0.00 ^ _48_/CLK (sky130_fd_sc_hd__dfrtp_2)
                  0.28    0.57    0.57 ^ _48_/Q (sky130_fd_sc_hd__dfrtp_2)
     7    0.05                           Q[4] (net)
                  0.28    0.00    0.57 ^ _60_/A (sky130_fd_sc_hd__buf_2)
                  0.17    0.28    0.86 ^ _60_/X (sky130_fd_sc_hd__buf_2)
     1    0.03                           Qz[0] (net)
                  0.17    0.00    0.86 ^ Qz[0] (out)
                                  0.86   data arrival time

                  0.00   65.00   65.00   clock clkin (rise edge)
                          0.00   65.00   clock network delay (ideal)
                         -0.25   64.75   clock uncertainty
                          0.00   64.75   clock reconvergence pessimism
                        -13.00   51.75   output external delay
                                 51.75   data required time
-----------------------------------------------------------------------------
                                 51.75   data required time
                                 -0.86   data arrival time
-----------------------------------------------------------------------------
                                 50.89   slack (MET)


Startpoint: _54_ (rising edge-triggered flip-flop)
Endpoint: Qu[2] (output port clocked by clkin)
Path Group: clkin
Path Type: max

Fanout     Cap    Slew   Delay    Time   Description
-----------------------------------------------------------------------------
                  0.10    0.00    0.00 ^ _54_/CLK (sky130_fd_sc_hd__dfrtp_2)
                  0.27    0.57    0.57 ^ _54_/Q (sky130_fd_sc_hd__dfrtp_2)
     6    0.05                           Q[2] (net)
                  0.27    0.00    0.57 ^ _58_/A (sky130_fd_sc_hd__buf_2)
                  0.17    0.28    0.85 ^ _58_/X (sky130_fd_sc_hd__buf_2)
     1    0.03                           Qu[2] (net)
                  0.17    0.00    0.85 ^ Qu[2] (out)
                                  0.85   data arrival time

                  0.00   65.00   65.00   clock clkin (rise edge)
                          0.00   65.00   clock network delay (ideal)
                         -0.25   64.75   clock uncertainty
                          0.00   64.75   clock reconvergence pessimism
                        -13.00   51.75   output external delay
                                 51.75   data required time
-----------------------------------------------------------------------------
                                 51.75   data required time
                                 -0.85   data arrival time
-----------------------------------------------------------------------------
                                 50.90   slack (MET)


Startpoint: _53_ (rising edge-triggered flip-flop)
Endpoint: Qu[1] (output port clocked by clkin)
Path Group: clkin
Path Type: max

Fanout     Cap    Slew   Delay    Time   Description
-----------------------------------------------------------------------------
                  0.10    0.00    0.00 ^ _53_/CLK (sky130_fd_sc_hd__dfrtp_2)
                  0.26    0.56    0.56 ^ _53_/Q (sky130_fd_sc_hd__dfrtp_2)
     7    0.05                           Q[1] (net)
                  0.26    0.00    0.56 ^ _57_/A (sky130_fd_sc_hd__buf_2)
                  0.18    0.28    0.84 ^ _57_/X (sky130_fd_sc_hd__buf_2)
     1    0.03                           Qu[1] (net)
                  0.18    0.00    0.84 ^ Qu[1] (out)
                                  0.84   data arrival time

                  0.00   65.00   65.00   clock clkin (rise edge)
                          0.00   65.00   clock network delay (ideal)
                         -0.25   64.75   clock uncertainty
                          0.00   64.75   clock reconvergence pessimism
                        -13.00   51.75   output external delay
                                 51.75   data required time
-----------------------------------------------------------------------------
                                 51.75   data required time
                                 -0.84   data arrival time
-----------------------------------------------------------------------------
                                 50.91   slack (MET)


Startpoint: _49_ (rising edge-triggered flip-flop)
Endpoint: Qz[1] (output port clocked by clkin)
Path Group: clkin
Path Type: max

Fanout     Cap    Slew   Delay    Time   Description
-----------------------------------------------------------------------------
                  0.10    0.00    0.00 ^ _49_/CLK (sky130_fd_sc_hd__dfrtp_2)
                  0.26    0.56    0.56 ^ _49_/Q (sky130_fd_sc_hd__dfrtp_2)
     6    0.05                           Q[5] (net)
                  0.26    0.00    0.56 ^ _61_/A (sky130_fd_sc_hd__buf_2)
                  0.17    0.28    0.84 ^ _61_/X (sky130_fd_sc_hd__buf_2)
     1    0.03                           Qz[1] (net)
                  0.17    0.00    0.84 ^ Qz[1] (out)
                                  0.84   data arrival time

                  0.00   65.00   65.00   clock clkin (rise edge)
                          0.00   65.00   clock network delay (ideal)
                         -0.25   64.75   clock uncertainty
                          0.00   64.75   clock reconvergence pessimism
                        -13.00   51.75   output external delay
                                 51.75   data required time
-----------------------------------------------------------------------------
                                 51.75   data required time
                                 -0.84   data arrival time
-----------------------------------------------------------------------------
                                 50.91   slack (MET)


max_report_end
check_report

===========================================================================
report_checks -unconstrained
============================================================================
Startpoint: _52_ (rising edge-triggered flip-flop)
Endpoint: Qu[0] (output port clocked by clkin)
Path Group: clkin
Path Type: max

Fanout     Cap    Slew   Delay    Time   Description
-----------------------------------------------------------------------------
                  0.10    0.00    0.00 ^ _52_/CLK (sky130_fd_sc_hd__dfrtp_2)
                  0.29    0.58    0.58 ^ _52_/Q (sky130_fd_sc_hd__dfrtp_2)
     8    0.05                           Q[0] (net)
                  0.29    0.00    0.58 ^ _56_/A (sky130_fd_sc_hd__buf_2)
                  0.18    0.29    0.87 ^ _56_/X (sky130_fd_sc_hd__buf_2)
     1    0.03                           Qu[0] (net)
                  0.18    0.00    0.87 ^ Qu[0] (out)
                                  0.87   data arrival time

                  0.00   65.00   65.00   clock clkin (rise edge)
                          0.00   65.00   clock network delay (ideal)
                         -0.25   64.75   clock uncertainty
                          0.00   64.75   clock reconvergence pessimism
                        -13.00   51.75   output external delay
                                 51.75   data required time
-----------------------------------------------------------------------------
                                 51.75   data required time
                                 -0.87   data arrival time
-----------------------------------------------------------------------------
                                 50.88   slack (MET)



===========================================================================
report_checks --slack_max -0.01
============================================================================
No paths found.
check_report_end
check_slew

===========================================================================
 report_check_types -max_slew -max_cap -max_fanout -violators
============================================================================

===========================================================================
max slew violation count 0
max fanout violation count 0
max cap violation count 0
============================================================================
check_slew_end
tns_report

===========================================================================
 report_tns
============================================================================
tns 0.00
tns_report_end
wns_report

===========================================================================
 report_wns
============================================================================
wns 0.00
wns_report_end
worst_slack

===========================================================================
 report_worst_slack -max (Setup)
============================================================================
worst slack 50.88

===========================================================================
 report_worst_slack -min (Hold)
============================================================================
worst slack 13.24
worst_slack_end
clock_skew

===========================================================================
 report_clock_skew
============================================================================
Clock clkin
No launch/capture paths found.

clock_skew_end
power_report

===========================================================================
 report_power
============================================================================
Group                  Internal  Switching    Leakage      Total
                          Power      Power      Power      Power (Watts)
----------------------------------------------------------------
Sequential             3.08e-07   1.29e-06   6.40e-11   1.60e-06 100.0%
Combinational          6.39e-14   8.33e-14   2.30e-10   2.30e-10   0.0%
Macro                  0.00e+00   0.00e+00   0.00e+00   0.00e+00   0.0%
Pad                    0.00e+00   0.00e+00   0.00e+00   0.00e+00   0.0%
----------------------------------------------------------------
Total                  3.08e-07   1.29e-06   2.93e-10   1.60e-06 100.0%
                          19.3%      80.7%       0.0%
power_report_end
area_report

===========================================================================
 report_design_area
============================================================================
Design area 617 u^2 28% utilization.
area_report_end
