OpenROAD 4a99e88667b0840531ca0096c4fa0da8f80d6cb1 
This program is licensed under the BSD-3 license. See the LICENSE file for details.
Components of this program may be licensed under more restrictive licenses which must be honored.
[WARNING STA-0163] /openlane/designs/iiitb_counter/src/sky130_fd_sc_hd__typical.lib line 23, default_fanout_load is 0.0.
[INFO ODB-0222] Reading LEF file: /openlane/designs/iiitb_counter/runs/RUN_2022.09.06_10.51.26/tmp/merged.nom.lef
[WARNING ODB-0220] WARNING (LEFPARS-2036): SOURCE statement is obsolete in version 5.6 and later.
The LEF parser will ignore this statement.
To avoid this warning in the future, remove this statement from the LEF file with version 5.6 or later. See file /openlane/designs/iiitb_counter/runs/RUN_2022.09.06_10.51.26/tmp/merged.nom.lef at line 930.

[INFO ODB-0223]     Created 13 technology layers
[INFO ODB-0224]     Created 25 technology vias
[INFO ODB-0225]     Created 442 library cells
[INFO ODB-0226] Finished LEF file:  /openlane/designs/iiitb_counter/runs/RUN_2022.09.06_10.51.26/tmp/merged.nom.lef
[WARNING STA-0337] port 'clkin' not found.
[INFO]: Setting output delay to: 13.0
[INFO]: Setting input delay to: 13.0
[WARNING STA-0337] port 'clkin' not found.
[INFO]: Setting load to: 0.033442
[INFO]: Setting clock uncertainity to: 0.25
[INFO]: Setting clock transition to: 0.15
[WARNING STA-0559] transition time can not be specified for virtual clocks.
[INFO]: Setting timing derate to: 0.5 %
min_report

===========================================================================
report_checks -path_delay min (Hold)
============================================================================
Startpoint: _51_ (rising edge-triggered flip-flop)
Endpoint: Q[7] (output port clocked by clkin)
Path Group: clkin
Path Type: min

Fanout     Cap    Slew   Delay    Time   Description
-----------------------------------------------------------------------------
                  0.07    0.00    0.00 ^ _51_/CLK (sky130_fd_sc_hd__dfrtp_2)
                  0.20    0.45    0.45 ^ _51_/Q (sky130_fd_sc_hd__dfrtp_2)
     4    0.04                           Q[7] (net)
                  0.20    0.00    0.45 ^ Q[7] (out)
                                  0.45   data arrival time

                  0.00    0.00    0.00   clock clkin (rise edge)
                          0.00    0.00   clock network delay (ideal)
                          0.25    0.25   clock uncertainty
                          0.00    0.25   clock reconvergence pessimism
                        -13.00  -12.75   output external delay
                                -12.75   data required time
-----------------------------------------------------------------------------
                                -12.75   data required time
                                 -0.45   data arrival time
-----------------------------------------------------------------------------
                                 13.20   slack (MET)


Startpoint: _55_ (rising edge-triggered flip-flop)
Endpoint: Q[3] (output port clocked by clkin)
Path Group: clkin
Path Type: min

Fanout     Cap    Slew   Delay    Time   Description
-----------------------------------------------------------------------------
                  0.07    0.00    0.00 ^ _55_/CLK (sky130_fd_sc_hd__dfrtp_2)
                  0.22    0.47    0.47 ^ _55_/Q (sky130_fd_sc_hd__dfrtp_2)
     6    0.04                           Q[3] (net)
                  0.22    0.00    0.47 ^ Q[3] (out)
                                  0.47   data arrival time

                  0.00    0.00    0.00   clock clkin (rise edge)
                          0.00    0.00   clock network delay (ideal)
                          0.25    0.25   clock uncertainty
                          0.00    0.25   clock reconvergence pessimism
                        -13.00  -12.75   output external delay
                                -12.75   data required time
-----------------------------------------------------------------------------
                                -12.75   data required time
                                 -0.47   data arrival time
-----------------------------------------------------------------------------
                                 13.22   slack (MET)


Startpoint: _50_ (rising edge-triggered flip-flop)
Endpoint: Q[6] (output port clocked by clkin)
Path Group: clkin
Path Type: min

Fanout     Cap    Slew   Delay    Time   Description
-----------------------------------------------------------------------------
                  0.07    0.00    0.00 ^ _50_/CLK (sky130_fd_sc_hd__dfrtp_2)
                  0.22    0.47    0.47 ^ _50_/Q (sky130_fd_sc_hd__dfrtp_2)
     6    0.04                           Q[6] (net)
                  0.22    0.00    0.47 ^ Q[6] (out)
                                  0.47   data arrival time

                  0.00    0.00    0.00   clock clkin (rise edge)
                          0.00    0.00   clock network delay (ideal)
                          0.25    0.25   clock uncertainty
                          0.00    0.25   clock reconvergence pessimism
                        -13.00  -12.75   output external delay
                                -12.75   data required time
-----------------------------------------------------------------------------
                                -12.75   data required time
                                 -0.47   data arrival time
-----------------------------------------------------------------------------
                                 13.22   slack (MET)


Startpoint: _49_ (rising edge-triggered flip-flop)
Endpoint: Q[5] (output port clocked by clkin)
Path Group: clkin
Path Type: min

Fanout     Cap    Slew   Delay    Time   Description
-----------------------------------------------------------------------------
                  0.07    0.00    0.00 ^ _49_/CLK (sky130_fd_sc_hd__dfrtp_2)
                  0.23    0.47    0.47 ^ _49_/Q (sky130_fd_sc_hd__dfrtp_2)
     6    0.05                           Q[5] (net)
                  0.23    0.00    0.47 ^ Q[5] (out)
                                  0.47   data arrival time

                  0.00    0.00    0.00   clock clkin (rise edge)
                          0.00    0.00   clock network delay (ideal)
                          0.25    0.25   clock uncertainty
                          0.00    0.25   clock reconvergence pessimism
                        -13.00  -12.75   output external delay
                                -12.75   data required time
-----------------------------------------------------------------------------
                                -12.75   data required time
                                 -0.47   data arrival time
-----------------------------------------------------------------------------
                                 13.22   slack (MET)


Startpoint: _53_ (rising edge-triggered flip-flop)
Endpoint: Q[1] (output port clocked by clkin)
Path Group: clkin
Path Type: min

Fanout     Cap    Slew   Delay    Time   Description
-----------------------------------------------------------------------------
                  0.07    0.00    0.00 ^ _53_/CLK (sky130_fd_sc_hd__dfrtp_2)
                  0.23    0.48    0.48 ^ _53_/Q (sky130_fd_sc_hd__dfrtp_2)
     7    0.05                           Q[1] (net)
                  0.23    0.00    0.48 ^ Q[1] (out)
                                  0.48   data arrival time

                  0.00    0.00    0.00   clock clkin (rise edge)
                          0.00    0.00   clock network delay (ideal)
                          0.25    0.25   clock uncertainty
                          0.00    0.25   clock reconvergence pessimism
                        -13.00  -12.75   output external delay
                                -12.75   data required time
-----------------------------------------------------------------------------
                                -12.75   data required time
                                 -0.48   data arrival time
-----------------------------------------------------------------------------
                                 13.23   slack (MET)


min_report_end
max_report

===========================================================================
report_checks -path_delay max (Setup)
============================================================================
Startpoint: _48_ (rising edge-triggered flip-flop)
Endpoint: Qz[0] (output port clocked by clkin)
Path Group: clkin
Path Type: max

Fanout     Cap    Slew   Delay    Time   Description
-----------------------------------------------------------------------------
                  0.07    0.00    0.00 ^ _48_/CLK (sky130_fd_sc_hd__dfrtp_2)
                  0.25    0.54    0.54 ^ _48_/Q (sky130_fd_sc_hd__dfrtp_2)
     7    0.05                           Q[4] (net)
                  0.25    0.00    0.54 ^ _60_/A (sky130_fd_sc_hd__buf_2)
                  0.17    0.27    0.82 ^ _60_/X (sky130_fd_sc_hd__buf_2)
     1    0.03                           Qz[0] (net)
                  0.17    0.00    0.82 ^ Qz[0] (out)
                                  0.82   data arrival time

                  0.00   65.00   65.00   clock clkin (rise edge)
                          0.00   65.00   clock network delay (ideal)
                         -0.25   64.75   clock uncertainty
                          0.00   64.75   clock reconvergence pessimism
                        -13.00   51.75   output external delay
                                 51.75   data required time
-----------------------------------------------------------------------------
                                 51.75   data required time
                                 -0.82   data arrival time
-----------------------------------------------------------------------------
                                 50.93   slack (MET)


Startpoint: _52_ (rising edge-triggered flip-flop)
Endpoint: Qu[0] (output port clocked by clkin)
Path Group: clkin
Path Type: max

Fanout     Cap    Slew   Delay    Time   Description
-----------------------------------------------------------------------------
                  0.07    0.00    0.00 ^ _52_/CLK (sky130_fd_sc_hd__dfrtp_2)
                  0.25    0.54    0.54 ^ _52_/Q (sky130_fd_sc_hd__dfrtp_2)
     8    0.05                           Q[0] (net)
                  0.25    0.00    0.54 ^ _56_/A (sky130_fd_sc_hd__buf_2)
                  0.17    0.27    0.82 ^ _56_/X (sky130_fd_sc_hd__buf_2)
     1    0.03                           Qu[0] (net)
                  0.17    0.00    0.82 ^ Qu[0] (out)
                                  0.82   data arrival time

                  0.00   65.00   65.00   clock clkin (rise edge)
                          0.00   65.00   clock network delay (ideal)
                         -0.25   64.75   clock uncertainty
                          0.00   64.75   clock reconvergence pessimism
                        -13.00   51.75   output external delay
                                 51.75   data required time
-----------------------------------------------------------------------------
                                 51.75   data required time
                                 -0.82   data arrival time
-----------------------------------------------------------------------------
                                 50.93   slack (MET)


Startpoint: _54_ (rising edge-triggered flip-flop)
Endpoint: Qu[2] (output port clocked by clkin)
Path Group: clkin
Path Type: max

Fanout     Cap    Slew   Delay    Time   Description
-----------------------------------------------------------------------------
                  0.07    0.00    0.00 ^ _54_/CLK (sky130_fd_sc_hd__dfrtp_2)
                  0.25    0.54    0.54 ^ _54_/Q (sky130_fd_sc_hd__dfrtp_2)
     6    0.05                           Q[2] (net)
                  0.25    0.00    0.54 ^ _58_/A (sky130_fd_sc_hd__buf_2)
                  0.17    0.27    0.81 ^ _58_/X (sky130_fd_sc_hd__buf_2)
     1    0.03                           Qu[2] (net)
                  0.17    0.00    0.81 ^ Qu[2] (out)
                                  0.81   data arrival time

                  0.00   65.00   65.00   clock clkin (rise edge)
                          0.00   65.00   clock network delay (ideal)
                         -0.25   64.75   clock uncertainty
                          0.00   64.75   clock reconvergence pessimism
                        -13.00   51.75   output external delay
                                 51.75   data required time
-----------------------------------------------------------------------------
                                 51.75   data required time
                                 -0.81   data arrival time
-----------------------------------------------------------------------------
                                 50.94   slack (MET)


Startpoint: _53_ (rising edge-triggered flip-flop)
Endpoint: Qu[1] (output port clocked by clkin)
Path Group: clkin
Path Type: max

Fanout     Cap    Slew   Delay    Time   Description
-----------------------------------------------------------------------------
                  0.07    0.00    0.00 ^ _53_/CLK (sky130_fd_sc_hd__dfrtp_2)
                  0.23    0.53    0.53 ^ _53_/Q (sky130_fd_sc_hd__dfrtp_2)
     7    0.05                           Q[1] (net)
                  0.23    0.00    0.53 ^ _57_/A (sky130_fd_sc_hd__buf_2)
                  0.17    0.27    0.79 ^ _57_/X (sky130_fd_sc_hd__buf_2)
     1    0.03                           Qu[1] (net)
                  0.17    0.00    0.79 ^ Qu[1] (out)
                                  0.79   data arrival time

                  0.00   65.00   65.00   clock clkin (rise edge)
                          0.00   65.00   clock network delay (ideal)
                         -0.25   64.75   clock uncertainty
                          0.00   64.75   clock reconvergence pessimism
                        -13.00   51.75   output external delay
                                 51.75   data required time
-----------------------------------------------------------------------------
                                 51.75   data required time
                                 -0.79   data arrival time
-----------------------------------------------------------------------------
                                 50.96   slack (MET)


Startpoint: _49_ (rising edge-triggered flip-flop)
Endpoint: Qz[1] (output port clocked by clkin)
Path Group: clkin
Path Type: max

Fanout     Cap    Slew   Delay    Time   Description
-----------------------------------------------------------------------------
                  0.07    0.00    0.00 ^ _49_/CLK (sky130_fd_sc_hd__dfrtp_2)
                  0.23    0.52    0.52 ^ _49_/Q (sky130_fd_sc_hd__dfrtp_2)
     6    0.05                           Q[5] (net)
                  0.23    0.00    0.52 ^ _61_/A (sky130_fd_sc_hd__buf_2)
                  0.17    0.27    0.79 ^ _61_/X (sky130_fd_sc_hd__buf_2)
     1    0.03                           Qz[1] (net)
                  0.17    0.00    0.79 ^ Qz[1] (out)
                                  0.79   data arrival time

                  0.00   65.00   65.00   clock clkin (rise edge)
                          0.00   65.00   clock network delay (ideal)
                         -0.25   64.75   clock uncertainty
                          0.00   64.75   clock reconvergence pessimism
                        -13.00   51.75   output external delay
                                 51.75   data required time
-----------------------------------------------------------------------------
                                 51.75   data required time
                                 -0.79   data arrival time
-----------------------------------------------------------------------------
                                 50.96   slack (MET)


max_report_end
check_report

===========================================================================
report_checks -unconstrained
============================================================================
Startpoint: _48_ (rising edge-triggered flip-flop)
Endpoint: Qz[0] (output port clocked by clkin)
Path Group: clkin
Path Type: max

Fanout     Cap    Slew   Delay    Time   Description
-----------------------------------------------------------------------------
                  0.07    0.00    0.00 ^ _48_/CLK (sky130_fd_sc_hd__dfrtp_2)
                  0.25    0.54    0.54 ^ _48_/Q (sky130_fd_sc_hd__dfrtp_2)
     7    0.05                           Q[4] (net)
                  0.25    0.00    0.54 ^ _60_/A (sky130_fd_sc_hd__buf_2)
                  0.17    0.27    0.82 ^ _60_/X (sky130_fd_sc_hd__buf_2)
     1    0.03                           Qz[0] (net)
                  0.17    0.00    0.82 ^ Qz[0] (out)
                                  0.82   data arrival time

                  0.00   65.00   65.00   clock clkin (rise edge)
                          0.00   65.00   clock network delay (ideal)
                         -0.25   64.75   clock uncertainty
                          0.00   64.75   clock reconvergence pessimism
                        -13.00   51.75   output external delay
                                 51.75   data required time
-----------------------------------------------------------------------------
                                 51.75   data required time
                                 -0.82   data arrival time
-----------------------------------------------------------------------------
                                 50.93   slack (MET)



===========================================================================
report_checks --slack_max -0.01
============================================================================
No paths found.
check_report_end
check_slew

===========================================================================
 report_check_types -max_slew -max_cap -max_fanout -violators
============================================================================

===========================================================================
max slew violation count 0
max fanout violation count 0
max cap violation count 0
============================================================================
check_slew_end
tns_report

===========================================================================
 report_tns
============================================================================
tns 0.00
tns_report_end
wns_report

===========================================================================
 report_wns
============================================================================
wns 0.00
wns_report_end
worst_slack

===========================================================================
 report_worst_slack -max (Setup)
============================================================================
worst slack 50.93

===========================================================================
 report_worst_slack -min (Hold)
============================================================================
worst slack 13.20
worst_slack_end
clock_skew

===========================================================================
 report_clock_skew
============================================================================
Clock clkin
No launch/capture paths found.

clock_skew_end
power_report

===========================================================================
 report_power
============================================================================
Group                  Internal  Switching    Leakage      Total
                          Power      Power      Power      Power (Watts)
----------------------------------------------------------------
Sequential             3.10e-07   1.29e-06   6.40e-11   1.60e-06 100.0%
Combinational          6.39e-14   8.15e-14   1.19e-10   1.20e-10   0.0%
Macro                  0.00e+00   0.00e+00   0.00e+00   0.00e+00   0.0%
Pad                    0.00e+00   0.00e+00   0.00e+00   0.00e+00   0.0%
----------------------------------------------------------------
Total                  3.10e-07   1.29e-06   1.83e-10   1.60e-06 100.0%
                          19.4%      80.6%       0.0%
power_report_end
area_report

===========================================================================
 report_design_area
============================================================================
Design area 454 u^2 100% utilization.
area_report_end
